#
# There is insufficient memory for the Java Runtime Environment to continue.
# Native memory allocation (malloc) failed to allocate 98496 bytes for Chunk::new
# Possible reasons:
#   The system is out of physical RAM or swap space
#   The process is running with CompressedOops enabled, and the Java Heap may be blocking the growth of the native heap
# Possible solutions:
#   Reduce memory load on the system
#   Increase physical memory or swap space
#   Check if swap backing store is full
#   Decrease Java heap size (-Xmx/-Xms)
#   Decrease number of Java threads
#   Decrease Java thread stack sizes (-Xss)
#   Set larger code cache with -XX:ReservedCodeCacheSize=
#   JVM is running with Unscaled Compressed Oops mode in which the Java heap is
#     placed in the first 4GB address space. The Java Heap base address is the
#     maximum limit for the native heap growth. Please use -XX:HeapBaseMinAddress
#     to set the Java Heap base and to place the Java Heap above 4GB virtual address.
# This output file may be truncated or incomplete.
#
#  Out of Memory Error (allocation.cpp:389), pid=2464, tid=0x0000000000002a10
#
# JRE version: Java(TM) SE Runtime Environment (8.0_281-b09) (build 1.8.0_281-b09)
# Java VM: Java HotSpot(TM) 64-Bit Server VM (25.281-b09 mixed mode windows-amd64 compressed oops)
# Failed to write core dump. Minidumps are not enabled by default on client versions of Windows
#

---------------  T H R E A D  ---------------

Current thread (0x00000262b50ff800):  JavaThread "C2 CompilerThread2" daemon [_thread_in_native, id=10768, stack(0x000000d587200000,0x000000d587300000)]

Stack: [0x000000d587200000,0x000000d587300000]
Native frames: (J=compiled Java code, j=interpreted, Vv=VM code, C=native code)
V  [jvm.dll+0x32e5b9]


Current CompileTask:
C2:  23887 7843       4       java.util.TreeMap::put (247 bytes)


---------------  P R O C E S S  ---------------

Java Threads: ( => current thread )
  0x00000262c2605800 JavaThread "pool-2-thread-1" [_thread_in_vm, id=19140, stack(0x000000d58e600000,0x000000d58e700000)]
  0x00000262c2608000 JavaThread "Cache worker for execution history cache (E:\Projects\FityouApp\android\.gradle\7.2\executionHistory)" [_thread_blocked, id=8640, stack(0x000000d58ee00000,0x000000d58ef00000)]
  0x00000262bb95e800 JavaThread "Memory manager" [_thread_blocked, id=15840, stack(0x000000d58e500000,0x000000d58e600000)]
  0x00000262bb965800 JavaThread "jar transforms Thread 8" [_thread_blocked, id=11616, stack(0x000000d58e400000,0x000000d58e500000)]
  0x00000262bb95e000 JavaThread "jar transforms Thread 7" [_thread_blocked, id=9492, stack(0x000000d58e300000,0x000000d58e400000)]
  0x00000262bb960000 JavaThread "jar transforms Thread 6" [_thread_blocked, id=13732, stack(0x000000d58e200000,0x000000d58e300000)]
  0x00000262bb964800 JavaThread "Unconstrained build operations Thread 80" [_thread_blocked, id=2072, stack(0x000000d58e100000,0x000000d58e200000)]
  0x00000262bb964000 JavaThread "Unconstrained build operations Thread 79" [_thread_blocked, id=14532, stack(0x000000d58e000000,0x000000d58e100000)]
  0x00000262bb962800 JavaThread "Unconstrained build operations Thread 78" [_thread_blocked, id=17764, stack(0x000000d58df00000,0x000000d58e000000)]
  0x00000262bb963000 JavaThread "Unconstrained build operations Thread 77" [_thread_blocked, id=12804, stack(0x000000d58de00000,0x000000d58df00000)]
  0x00000262bb95d000 JavaThread "Unconstrained build operations Thread 76" [_thread_blocked, id=8460, stack(0x000000d58dd00000,0x000000d58de00000)]
  0x00000262bb961000 JavaThread "Unconstrained build operations Thread 75" [_thread_blocked, id=19716, stack(0x000000d58dc00000,0x000000d58dd00000)]
  0x00000262bb95f800 JavaThread "Unconstrained build operations Thread 74" [_thread_blocked, id=2820, stack(0x000000d58db00000,0x000000d58dc00000)]
  0x00000262bb30b800 JavaThread "Unconstrained build operations Thread 73" [_thread_blocked, id=3308, stack(0x000000d58da00000,0x000000d58db00000)]
  0x00000262bb30b000 JavaThread "Unconstrained build operations Thread 72" [_thread_blocked, id=12476, stack(0x000000d58d900000,0x000000d58da00000)]
  0x00000262bb30a000 JavaThread "Unconstrained build operations Thread 71" [_thread_blocked, id=12720, stack(0x000000d58d800000,0x000000d58d900000)]
  0x00000262bb308800 JavaThread "Unconstrained build operations Thread 70" [_thread_blocked, id=8632, stack(0x000000d58d700000,0x000000d58d800000)]
  0x00000262bb309800 JavaThread "Unconstrained build operations Thread 69" [_thread_blocked, id=19500, stack(0x000000d58d600000,0x000000d58d700000)]
  0x00000262bb308000 JavaThread "Unconstrained build operations Thread 68" [_thread_blocked, id=19788, stack(0x000000d58d500000,0x000000d58d600000)]
  0x00000262bb300800 JavaThread "Unconstrained build operations Thread 67" [_thread_blocked, id=19792, stack(0x000000d58d400000,0x000000d58d500000)]
  0x00000262bb307000 JavaThread "Unconstrained build operations Thread 66" [_thread_blocked, id=11632, stack(0x000000d58d300000,0x000000d58d400000)]
  0x00000262bb301000 JavaThread "Unconstrained build operations Thread 65" [_thread_blocked, id=11312, stack(0x000000d58d200000,0x000000d58d300000)]
  0x00000262bb306800 JavaThread "Unconstrained build operations Thread 64" [_thread_blocked, id=12852, stack(0x000000d58d100000,0x000000d58d200000)]
  0x00000262bb2ff800 JavaThread "Unconstrained build operations Thread 63" [_thread_blocked, id=12732, stack(0x000000d58d000000,0x000000d58d100000)]
  0x00000262bb2ff000 JavaThread "Unconstrained build operations Thread 62" [_thread_blocked, id=20392, stack(0x000000d58cf00000,0x000000d58d000000)]
  0x00000262bb305800 JavaThread "Unconstrained build operations Thread 61" [_thread_blocked, id=16908, stack(0x000000d58ce00000,0x000000d58cf00000)]
  0x00000262bb2fe000 JavaThread "Unconstrained build operations Thread 60" [_thread_blocked, id=12496, stack(0x000000d58cd00000,0x000000d58ce00000)]
  0x00000262bb305000 JavaThread "Unconstrained build operations Thread 59" [_thread_blocked, id=17092, stack(0x000000d58cc00000,0x000000d58cd00000)]
  0x00000262bb2fd800 JavaThread "Unconstrained build operations Thread 58" [_thread_blocked, id=16552, stack(0x000000d58cb00000,0x000000d58cc00000)]
  0x00000262bb304000 JavaThread "Unconstrained build operations Thread 57" [_thread_blocked, id=7584, stack(0x000000d58ca00000,0x000000d58cb00000)]
  0x00000262bb303800 JavaThread "Unconstrained build operations Thread 56" [_thread_blocked, id=11392, stack(0x000000d58c900000,0x000000d58ca00000)]
  0x00000262bb302000 JavaThread "Unconstrained build operations Thread 55" [_thread_blocked, id=8372, stack(0x000000d58c800000,0x000000d58c900000)]
  0x00000262bb2fc800 JavaThread "Unconstrained build operations Thread 54" [_thread_blocked, id=14100, stack(0x000000d58c700000,0x000000d58c800000)]
  0x00000262bb302800 JavaThread "Unconstrained build operations Thread 53" [_thread_blocked, id=19328, stack(0x000000d58c600000,0x000000d58c700000)]
  0x00000262b8d4e000 JavaThread "Unconstrained build operations Thread 52" [_thread_blocked, id=2972, stack(0x000000d58c500000,0x000000d58c600000)]
  0x00000262b8d4d000 JavaThread "Unconstrained build operations Thread 51" [_thread_blocked, id=20168, stack(0x000000d58c400000,0x000000d58c500000)]
  0x00000262b8d4c800 JavaThread "Unconstrained build operations Thread 50" [_thread_blocked, id=16644, stack(0x000000d58c300000,0x000000d58c400000)]
  0x00000262b8d4b800 JavaThread "Unconstrained build operations Thread 49" [_thread_blocked, id=14620, stack(0x000000d58c200000,0x000000d58c300000)]
  0x00000262b8d4b000 JavaThread "Unconstrained build operations Thread 48" [_thread_blocked, id=4180, stack(0x000000d58c100000,0x000000d58c200000)]
  0x00000262b8d43800 JavaThread "Unconstrained build operations Thread 47" [_thread_blocked, id=13876, stack(0x000000d58c000000,0x000000d58c100000)]
  0x00000262b8d4a000 JavaThread "Unconstrained build operations Thread 46" [_thread_blocked, id=4468, stack(0x000000d58bf00000,0x000000d58c000000)]
  0x00000262b8d49800 JavaThread "Unconstrained build operations Thread 45" [_thread_blocked, id=18476, stack(0x000000d58be00000,0x000000d58bf00000)]
  0x00000262b8d48800 JavaThread "Unconstrained build operations Thread 44" [_thread_blocked, id=17772, stack(0x000000d58bd00000,0x000000d58be00000)]
  0x00000262b8d41000 JavaThread "Unconstrained build operations Thread 43" [_thread_blocked, id=16060, stack(0x000000d58bc00000,0x000000d58bd00000)]
  0x00000262b8d48000 JavaThread "Unconstrained build operations Thread 42" [_thread_blocked, id=2676, stack(0x000000d58bb00000,0x000000d58bc00000)]
  0x00000262b8d47000 JavaThread "Unconstrained build operations Thread 41" [_thread_blocked, id=18556, stack(0x000000d58ba00000,0x000000d58bb00000)]
  0x00000262b8d40000 JavaThread "Unconstrained build operations Thread 40" [_thread_blocked, id=8144, stack(0x000000d58b900000,0x000000d58ba00000)]
  0x00000262b8d3f800 JavaThread "Unconstrained build operations Thread 39" [_thread_blocked, id=20052, stack(0x000000d58b800000,0x000000d58b900000)]
  0x00000262b8d46800 JavaThread "Unconstrained build operations Thread 38" [_thread_blocked, id=14580, stack(0x000000d58b700000,0x000000d58b800000)]
  0x00000262b8d42800 JavaThread "Unconstrained build operations Thread 37" [_thread_blocked, id=18548, stack(0x000000d58b600000,0x000000d58b700000)]
  0x00000262b8d3e800 JavaThread "Unconstrained build operations Thread 36" [_thread_blocked, id=18924, stack(0x000000d58b500000,0x000000d58b600000)]
  0x00000262b8d44000 JavaThread "Unconstrained build operations Thread 35" [_thread_blocked, id=8720, stack(0x000000d58b400000,0x000000d58b500000)]
  0x00000262b8d42000 JavaThread "Unconstrained build operations Thread 34" [_thread_blocked, id=10612, stack(0x000000d58b300000,0x000000d58b400000)]
  0x00000262b8d45800 JavaThread "Unconstrained build operations Thread 33" [_thread_blocked, id=2728, stack(0x000000d58b200000,0x000000d58b300000)]
  0x00000262b8d45000 JavaThread "Unconstrained build operations Thread 32" [_thread_blocked, id=12564, stack(0x000000d58b100000,0x000000d58b200000)]
  0x00000262baede000 JavaThread "Unconstrained build operations Thread 31" [_thread_blocked, id=20348, stack(0x000000d58b000000,0x000000d58b100000)]
  0x00000262baedd000 JavaThread "Unconstrained build operations Thread 30" [_thread_blocked, id=11624, stack(0x000000d58af00000,0x000000d58b000000)]
  0x00000262baee0000 JavaThread "Unconstrained build operations Thread 29" [_thread_blocked, id=14844, stack(0x000000d58ae00000,0x000000d58af00000)]
  0x00000262baedf800 JavaThread "Unconstrained build operations Thread 28" [_thread_blocked, id=19772, stack(0x000000d58ad00000,0x000000d58ae00000)]
  0x00000262baedc800 JavaThread "Unconstrained build operations Thread 27" [_thread_blocked, id=20372, stack(0x000000d58ac00000,0x000000d58ad00000)]
  0x00000262baede800 JavaThread "Unconstrained build operations Thread 26" [_thread_blocked, id=10652, stack(0x000000d58ab00000,0x000000d58ac00000)]
  0x00000262baedb800 JavaThread "Unconstrained build operations Thread 25" [_thread_blocked, id=9900, stack(0x000000d58aa00000,0x000000d58ab00000)]
  0x00000262baed5000 JavaThread "Unconstrained build operations Thread 24" [_thread_blocked, id=11064, stack(0x000000d58a900000,0x000000d58aa00000)]
  0x00000262baed5800 JavaThread "Unconstrained build operations Thread 23" [_thread_blocked, id=13908, stack(0x000000d58a800000,0x000000d58a900000)]
  0x00000262baeda000 JavaThread "Unconstrained build operations Thread 22" [_thread_blocked, id=20096, stack(0x000000d58a700000,0x000000d58a800000)]
  0x00000262baed8800 JavaThread "Unconstrained build operations Thread 21" [_thread_blocked, id=16252, stack(0x000000d58a600000,0x000000d58a700000)]
  0x00000262baedb000 JavaThread "Unconstrained build operations Thread 20" [_thread_blocked, id=13800, stack(0x000000d58a500000,0x000000d58a600000)]
  0x00000262baed9800 JavaThread "Unconstrained build operations Thread 19" [_thread_blocked, id=20304, stack(0x000000d58a400000,0x000000d58a500000)]
  0x00000262baed1800 JavaThread "Unconstrained build operations Thread 18" [_thread_blocked, id=10792, stack(0x000000d58a300000,0x000000d58a400000)]
  0x00000262baed6800 JavaThread "Unconstrained build operations Thread 17" [_thread_blocked, id=12348, stack(0x000000d58a200000,0x000000d58a300000)]
  0x00000262baed1000 JavaThread "Unconstrained build operations Thread 16" [_thread_blocked, id=10880, stack(0x000000d58a100000,0x000000d58a200000)]
  0x00000262baed4000 JavaThread "Unconstrained build operations Thread 15" [_thread_blocked, id=19764, stack(0x000000d58a000000,0x000000d58a100000)]
  0x00000262baed7000 JavaThread "Unconstrained build operations Thread 14" [_thread_blocked, id=20160, stack(0x000000d589f00000,0x000000d58a000000)]
  0x00000262baed2800 JavaThread "Unconstrained build operations Thread 13" [_thread_blocked, id=19988, stack(0x000000d589e00000,0x000000d589f00000)]
  0x00000262baed3800 JavaThread "Unconstrained build operations Thread 12" [_thread_blocked, id=20088, stack(0x000000d589d00000,0x000000d589e00000)]
  0x00000262baed8000 JavaThread "Unconstrained build operations Thread 11" [_thread_blocked, id=8688, stack(0x000000d589c00000,0x000000d589d00000)]
  0x00000262b8b25000 JavaThread "Unconstrained build operations Thread 10" [_thread_blocked, id=5404, stack(0x000000d589b00000,0x000000d589c00000)]
  0x00000262b8b27800 JavaThread "Unconstrained build operations Thread 9" [_thread_blocked, id=19976, stack(0x000000d589a00000,0x000000d589b00000)]
  0x00000262b8b29000 JavaThread "Unconstrained build operations Thread 8" [_thread_blocked, id=3008, stack(0x000000d589900000,0x000000d589a00000)]
  0x00000262b8b26800 JavaThread "Unconstrained build operations Thread 7" [_thread_blocked, id=10628, stack(0x000000d589800000,0x000000d589900000)]
  0x00000262b8b28000 JavaThread "Unconstrained build operations Thread 6" [_thread_blocked, id=3600, stack(0x000000d589700000,0x000000d589800000)]
  0x00000262b8b26000 JavaThread "Unconstrained build operations Thread 5" [_thread_blocked, id=11644, stack(0x000000d589600000,0x000000d589700000)]
  0x00000262b8b1d800 JavaThread "Unconstrained build operations Thread 4" [_thread_blocked, id=9772, stack(0x000000d589500000,0x000000d589600000)]
  0x00000262b8b24800 JavaThread "Unconstrained build operations Thread 3" [_thread_blocked, id=7016, stack(0x000000d589400000,0x000000d589500000)]
  0x00000262b8b23800 JavaThread "Unconstrained build operations Thread 2" [_thread_blocked, id=3800, stack(0x000000d589300000,0x000000d589400000)]
  0x00000262b8b23000 JavaThread "Unconstrained build operations" [_thread_blocked, id=14072, stack(0x000000d589200000,0x000000d589300000)]
  0x00000262b8b22000 JavaThread "Cache worker for Build Output Cleanup Cache (E:\Projects\FityouApp\android\.gradle\buildOutputCleanup)" [_thread_blocked, id=8708, stack(0x000000d589100000,0x000000d589200000)]
  0x00000262b8b1a800 JavaThread "jar transforms Thread 5" [_thread_blocked, id=4804, stack(0x000000d589000000,0x000000d589100000)]
  0x00000262b8b1e800 JavaThread "Cache worker for dependencies-accessors (E:\Projects\FityouApp\android\.gradle\7.2\dependencies-accessors)" [_thread_blocked, id=19768, stack(0x000000d588f00000,0x000000d589000000)]
  0x00000262b8b21800 JavaThread "jar transforms Thread 4" [_thread_blocked, id=7860, stack(0x000000d588e00000,0x000000d588f00000)]
  0x00000262b8b1a000 JavaThread "jar transforms Thread 3" [_thread_blocked, id=2004, stack(0x000000d588d00000,0x000000d588e00000)]
  0x00000262b8b1d000 JavaThread "Cache worker for file content cache (C:\Users\ubaid\.gradle\caches\7.2\fileContent)" [_thread_blocked, id=10428, stack(0x000000d588c00000,0x000000d588d00000)]
  0x00000262b8b20000 JavaThread "jar transforms Thread 2" [_thread_blocked, id=14868, stack(0x000000d588b00000,0x000000d588c00000)]
  0x00000262b8b1b800 JavaThread "jar transforms" [_thread_blocked, id=10688, stack(0x000000d588a00000,0x000000d588b00000)]
  0x00000262b8b1c000 JavaThread "Cache worker for execution history cache (C:\Users\ubaid\.gradle\caches\7.2\executionHistory)" [_thread_blocked, id=16632, stack(0x000000d588900000,0x000000d588a00000)]
  0x00000262b6806800 JavaThread "Cache worker for cache directory md-rule (C:\Users\ubaid\.gradle\caches\7.2\md-rule)" [_thread_blocked, id=18836, stack(0x000000d588800000,0x000000d588900000)]
  0x00000262b6805000 JavaThread "Cache worker for cache directory md-supplier (C:\Users\ubaid\.gradle\caches\7.2\md-supplier)" [_thread_blocked, id=9836, stack(0x000000d588700000,0x000000d588800000)]
  0x00000262b6804000 JavaThread "Cache worker for checksums cache (E:\Projects\FityouApp\android\.gradle\checksums)" [_thread_blocked, id=18532, stack(0x000000d588600000,0x000000d588700000)]
  0x00000262b680b000 JavaThread "File watcher consumer" daemon [_thread_blocked, id=20408, stack(0x000000d588500000,0x000000d588600000)]
  0x00000262b6809800 JavaThread "File watcher server" daemon [_thread_in_native, id=19492, stack(0x000000d588400000,0x000000d588500000)]
  0x00000262b680a000 JavaThread "Cache worker for file hash cache (E:\Projects\FityouApp\android\.gradle\7.2\fileHashes)" [_thread_blocked, id=7580, stack(0x000000d588300000,0x000000d588400000)]
  0x00000262b6808000 JavaThread "Cache worker for file hash cache (C:\Users\ubaid\.gradle\caches\7.2\fileHashes)" [_thread_blocked, id=3348, stack(0x000000d588200000,0x000000d588300000)]
  0x00000262b6805800 JavaThread "File lock request listener" [_thread_in_native, id=11776, stack(0x000000d588100000,0x000000d588200000)]
  0x00000262b6807000 JavaThread "Cache worker for journal cache (C:\Users\ubaid\.gradle\caches\journal-1)" [_thread_blocked, id=14068, stack(0x000000d588000000,0x000000d588100000)]
  0x00000262b8663800 JavaThread "Daemon client event forwarder" [_thread_blocked, id=19100, stack(0x000000d587f00000,0x000000d588000000)]
  0x00000262b866b000 JavaThread "Stdin handler" [_thread_blocked, id=16056, stack(0x000000d587e00000,0x000000d587f00000)]
  0x00000262b8666000 JavaThread "Asynchronous log dispatcher for DefaultDaemonConnection: socket connection from /127.0.0.1:60363 to /127.0.0.1:60364" [_thread_blocked, id=20156, stack(0x000000d587d00000,0x000000d587e00000)]
  0x00000262b864f000 JavaThread "Daemon worker" [_thread_in_vm, id=11024, stack(0x000000d587c00000,0x000000d587d00000)]
  0x00000262b8650000 JavaThread "Cancel handler" [_thread_blocked, id=10604, stack(0x000000d587b00000,0x000000d587c00000)]
  0x00000262b8639800 JavaThread "Handler for socket connection from /127.0.0.1:60363 to /127.0.0.1:60364" [_thread_in_native, id=2808, stack(0x000000d587a00000,0x000000d587b00000)]
  0x00000262b8629800 JavaThread "Daemon" [_thread_blocked, id=15316, stack(0x000000d587900000,0x000000d587a00000)]
  0x00000262b85ce800 JavaThread "Daemon periodic checks" [_thread_blocked, id=8436, stack(0x000000d587800000,0x000000d587900000)]
  0x00000262b85bf800 JavaThread "Incoming local TCP Connector on port 60363" [_thread_in_native, id=2356, stack(0x000000d587700000,0x000000d587800000)]
  0x00000262b846e800 JavaThread "Daemon health stats" [_thread_blocked, id=8188, stack(0x000000d587600000,0x000000d587700000)]
  0x00000262b64c0800 JavaThread "Service Thread" daemon [_thread_blocked, id=6964, stack(0x000000d587400000,0x000000d587500000)]
  0x00000262b5104000 JavaThread "C1 CompilerThread3" daemon [_thread_blocked, id=10816, stack(0x000000d587300000,0x000000d587400000)]
=>0x00000262b50ff800 JavaThread "C2 CompilerThread2" daemon [_thread_in_native, id=10768, stack(0x000000d587200000,0x000000d587300000)]
  0x00000262b50fb000 JavaThread "C2 CompilerThread1" daemon [_thread_blocked, id=2044, stack(0x000000d587100000,0x000000d587200000)]
  0x00000262b50f7800 JavaThread "C2 CompilerThread0" daemon [_thread_in_native, id=16332, stack(0x000000d587000000,0x000000d587100000)]
  0x00000262b50f1000 JavaThread "Attach Listener" daemon [_thread_blocked, id=16800, stack(0x000000d586f00000,0x000000d587000000)]
  0x00000262b50f0000 JavaThread "Signal Dispatcher" daemon [_thread_blocked, id=16876, stack(0x000000d586e00000,0x000000d586f00000)]
  0x00000262b44cb800 JavaThread "Finalizer" daemon [_thread_blocked, id=768, stack(0x000000d586d00000,0x000000d586e00000)]
  0x00000262b50ca000 JavaThread "Reference Handler" daemon [_thread_blocked, id=16424, stack(0x000000d586c00000,0x000000d586d00000)]
  0x00000262a1af2000 JavaThread "main" [_thread_blocked, id=18440, stack(0x000000d586200000,0x000000d586300000)]

Other Threads:
  0x00000262b50a4800 VMThread [stack: 0x000000d586b00000,0x000000d586c00000] [id=19220]
  0x00000262b64dc000 WatcherThread [stack: 0x000000d587500000,0x000000d587600000] [id=20068]

VM state:not at safepoint (normal execution)

VM Mutex/Monitor currently owned by a thread: None

heap address: 0x00000000e0000000, size: 512 MB, Compressed Oops mode: 32-bit
Narrow klass base: 0x0000000000000000, Narrow klass shift: 3
Compressed class space size: 1073741824 Address: 0x0000000100000000

Heap:
 PSYoungGen      total 152576K, used 57453K [0x00000000f5580000, 0x0000000100000000, 0x0000000100000000)
  eden space 130560K, 27% used [0x00000000f5580000,0x00000000f781ccb8,0x00000000fd500000)
  from space 22016K, 99% used [0x00000000fd500000,0x00000000fea7e9e8,0x00000000fea80000)
  to   space 22016K, 0% used [0x00000000fea80000,0x00000000fea80000,0x0000000100000000)
 ParOldGen       total 252928K, used 41748K [0x00000000e0000000, 0x00000000ef700000, 0x00000000f5580000)
  object space 252928K, 16% used [0x00000000e0000000,0x00000000e28c5028,0x00000000ef700000)
 Metaspace       used 70177K, capacity 74799K, committed 74968K, reserved 1118208K
  class space    used 9915K, capacity 10886K, committed 10968K, reserved 1048576K

Card table byte_map: [0x00000262b29c0000,0x00000262b2ad0000] byte_map_base: 0x00000262b22c0000

Marking Bits: (ParMarkBitMap*) 0x0000000068f36ff0
 Begin Bits: [0x00000262b2ad0000, 0x00000262b32d0000)
 End Bits:   [0x00000262b32d0000, 0x00000262b3ad0000)

Polling page: 0x00000262a1d50000

CodeCache: size=245760Kb used=23114Kb max_used=23649Kb free=222645Kb
 bounds [0x00000262a3600000, 0x00000262a4d40000, 0x00000262b2600000]
 total_blobs=7687 nmethods=6877 adapters=722
 compilation: enabled

Compilation events (10 events):
Event: 23.876 Thread 0x00000262b5104000 nmethod 7844 0x00000262a38f4e10 code [0x00000262a38f4f60, 0x00000262a38f5158]
Event: 23.877 Thread 0x00000262b5104000 7845       3       com.google.common.reflect.TypeResolver$TypeTable::where (115 bytes)
Event: 23.877 Thread 0x00000262b50f7800 7846 %     4       org.gradle.internal.instantiation.generator.AbstractClassGenerator::inspectType @ 341 (560 bytes)
Event: 23.878 Thread 0x00000262b5104000 nmethod 7845 0x00000262a3eacdd0 code [0x00000262a3ead100, 0x00000262a3eaece0]
Event: 23.879 Thread 0x00000262b5104000 7847       3       org.gradle.api.internal.DefaultNamedDomainObjectCollection::searchForDomainObject (37 bytes)
Event: 23.880 Thread 0x00000262b5104000 nmethod 7847 0x00000262a38a03d0 code [0x00000262a38a0580, 0x00000262a38a0cf0]
Event: 23.881 Thread 0x00000262b5104000 7848       3       org.gradle.api.internal.DefaultNamedDomainObjectCollection::findByNameLaterWithoutRules (11 bytes)
Event: 23.881 Thread 0x00000262b5104000 nmethod 7848 0x00000262a442c650 code [0x00000262a442c7c0, 0x00000262a442c9f0]
Event: 23.881 Thread 0x00000262b5104000 7850       3       org.gradle.api.internal.tasks.DefaultTaskCollection::named (9 bytes)
Event: 23.882 Thread 0x00000262b5104000 nmethod 7850 0x00000262a399b490 code [0x00000262a399b660, 0x00000262a399be80]

GC Heap History (10 events):
Event: 10.856 GC heap before
{Heap before GC invocations=10 (full 2):
 PSYoungGen      total 155648K, used 155358K [0x00000000f5580000, 0x00000000ffe80000, 0x0000000100000000)
  eden space 146432K, 100% used [0x00000000f5580000,0x00000000fe480000,0x00000000fe480000)
  from space 9216K, 96% used [0x00000000fe480000,0x00000000fed37b38,0x00000000fed80000)
  to   space 13312K, 0% used [0x00000000ff180000,0x00000000ff180000,0x00000000ffe80000)
 ParOldGen       total 175104K, used 17290K [0x00000000e0000000, 0x00000000eab00000, 0x00000000f5580000)
  object space 175104K, 9% used [0x00000000e0000000,0x00000000e10e2960,0x00000000eab00000)
 Metaspace       used 50670K, capacity 53113K, committed 53504K, reserved 1095680K
  class space    used 7008K, capacity 7555K, committed 7680K, reserved 1048576K
Event: 10.882 GC heap after
Heap after GC invocations=10 (full 2):
 PSYoungGen      total 153088K, used 13298K [0x00000000f5580000, 0x0000000100000000, 0x0000000100000000)
  eden space 139776K, 0% used [0x00000000f5580000,0x00000000f5580000,0x00000000fde00000)
  from space 13312K, 99% used [0x00000000ff180000,0x00000000ffe7c8a8,0x00000000ffe80000)
  to   space 17408K, 0% used [0x00000000fde00000,0x00000000fde00000,0x00000000fef00000)
 ParOldGen       total 175104K, used 23492K [0x00000000e0000000, 0x00000000eab00000, 0x00000000f5580000)
  object space 175104K, 13% used [0x00000000e0000000,0x00000000e16f1078,0x00000000eab00000)
 Metaspace       used 50670K, capacity 53113K, committed 53504K, reserved 1095680K
  class space    used 7008K, capacity 7555K, committed 7680K, reserved 1048576K
}
Event: 18.656 GC heap before
{Heap before GC invocations=11 (full 2):
 PSYoungGen      total 153088K, used 138543K [0x00000000f5580000, 0x0000000100000000, 0x0000000100000000)
  eden space 139776K, 89% used [0x00000000f5580000,0x00000000fcfcf408,0x00000000fde00000)
  from space 13312K, 99% used [0x00000000ff180000,0x00000000ffe7c8a8,0x00000000ffe80000)
  to   space 17408K, 0% used [0x00000000fde00000,0x00000000fde00000,0x00000000fef00000)
 ParOldGen       total 175104K, used 23492K [0x00000000e0000000, 0x00000000eab00000, 0x00000000f5580000)
  object space 175104K, 13% used [0x00000000e0000000,0x00000000e16f1078,0x00000000eab00000)
 Metaspace       used 56162K, capacity 59001K, committed 59096K, reserved 1099776K
  class space    used 7749K, capacity 8366K, committed 8408K, reserved 1048576K
Event: 18.705 GC heap after
Heap after GC invocations=11 (full 2):
 PSYoungGen      total 157184K, used 17384K [0x00000000f5580000, 0x0000000100000000, 0x0000000100000000)
  eden space 139776K, 0% used [0x00000000f5580000,0x00000000f5580000,0x00000000fde00000)
  from space 17408K, 99% used [0x00000000fde00000,0x00000000feefa0c0,0x00000000fef00000)
  to   space 17408K, 0% used [0x00000000fef00000,0x00000000fef00000,0x0000000100000000)
 ParOldGen       total 175104K, used 30857K [0x00000000e0000000, 0x00000000eab00000, 0x00000000f5580000)
  object space 175104K, 17% used [0x00000000e0000000,0x00000000e1e224b8,0x00000000eab00000)
 Metaspace       used 56162K, capacity 59001K, committed 59096K, reserved 1099776K
  class space    used 7749K, capacity 8366K, committed 8408K, reserved 1048576K
}
Event: 18.705 GC heap before
{Heap before GC invocations=12 (full 3):
 PSYoungGen      total 157184K, used 17384K [0x00000000f5580000, 0x0000000100000000, 0x0000000100000000)
  eden space 139776K, 0% used [0x00000000f5580000,0x00000000f5580000,0x00000000fde00000)
  from space 17408K, 99% used [0x00000000fde00000,0x00000000feefa0c0,0x00000000fef00000)
  to   space 17408K, 0% used [0x00000000fef00000,0x00000000fef00000,0x0000000100000000)
 ParOldGen       total 175104K, used 30857K [0x00000000e0000000, 0x00000000eab00000, 0x00000000f5580000)
  object space 175104K, 17% used [0x00000000e0000000,0x00000000e1e224b8,0x00000000eab00000)
 Metaspace       used 56162K, capacity 59001K, committed 59096K, reserved 1099776K
  class space    used 7749K, capacity 8366K, committed 8408K, reserved 1048576K
Event: 19.289 GC heap after
Heap after GC invocations=12 (full 3):
 PSYoungGen      total 157184K, used 0K [0x00000000f5580000, 0x0000000100000000, 0x0000000100000000)
  eden space 139776K, 0% used [0x00000000f5580000,0x00000000f5580000,0x00000000fde00000)
  from space 17408K, 0% used [0x00000000fde00000,0x00000000fde00000,0x00000000fef00000)
  to   space 17408K, 0% used [0x00000000fef00000,0x00000000fef00000,0x0000000100000000)
 ParOldGen       total 252928K, used 39671K [0x00000000e0000000, 0x00000000ef700000, 0x00000000f5580000)
  object space 252928K, 15% used [0x00000000e0000000,0x00000000e26bdea0,0x00000000ef700000)
 Metaspace       used 56121K, capacity 58863K, committed 59096K, reserved 1099776K
  class space    used 7736K, capacity 8343K, committed 8408K, reserved 1048576K
}
Event: 20.668 GC heap before
{Heap before GC invocations=13 (full 3):
 PSYoungGen      total 157184K, used 139776K [0x00000000f5580000, 0x0000000100000000, 0x0000000100000000)
  eden space 139776K, 100% used [0x00000000f5580000,0x00000000fde00000,0x00000000fde00000)
  from space 17408K, 0% used [0x00000000fde00000,0x00000000fde00000,0x00000000fef00000)
  to   space 17408K, 0% used [0x00000000fef00000,0x00000000fef00000,0x0000000100000000)
 ParOldGen       total 252928K, used 39671K [0x00000000e0000000, 0x00000000ef700000, 0x00000000f5580000)
  object space 252928K, 15% used [0x00000000e0000000,0x00000000e26bdea0,0x00000000ef700000)
 Metaspace       used 62780K, capacity 65953K, committed 66136K, reserved 1105920K
  class space    used 8862K, capacity 9497K, committed 9560K, reserved 1048576K
Event: 20.679 GC heap after
Heap after GC invocations=13 (full 3):
 PSYoungGen      total 147968K, used 14729K [0x00000000f5580000, 0x0000000100000000, 0x0000000100000000)
  eden space 130560K, 0% used [0x00000000f5580000,0x00000000f5580000,0x00000000fd500000)
  from space 17408K, 84% used [0x00000000fef00000,0x00000000ffd62610,0x0000000100000000)
  to   space 22016K, 0% used [0x00000000fd500000,0x00000000fd500000,0x00000000fea80000)
 ParOldGen       total 252928K, used 39679K [0x00000000e0000000, 0x00000000ef700000, 0x00000000f5580000)
  object space 252928K, 15% used [0x00000000e0000000,0x00000000e26bfea0,0x00000000ef700000)
 Metaspace       used 62780K, capacity 65953K, committed 66136K, reserved 1105920K
  class space    used 8862K, capacity 9497K, committed 9560K, reserved 1048576K
}
Event: 22.139 GC heap before
{Heap before GC invocations=14 (full 3):
 PSYoungGen      total 147968K, used 145289K [0x00000000f5580000, 0x0000000100000000, 0x0000000100000000)
  eden space 130560K, 100% used [0x00000000f5580000,0x00000000fd500000,0x00000000fd500000)
  from space 17408K, 84% used [0x00000000fef00000,0x00000000ffd62610,0x0000000100000000)
  to   space 22016K, 0% used [0x00000000fd500000,0x00000000fd500000,0x00000000fea80000)
 ParOldGen       total 252928K, used 39679K [0x00000000e0000000, 0x00000000ef700000, 0x00000000f5580000)
  object space 252928K, 15% used [0x00000000e0000000,0x00000000e26bfea0,0x00000000ef700000)
 Metaspace       used 67057K, capacity 71271K, committed 71384K, reserved 1110016K
  class space    used 9483K, capacity 10438K, committed 10456K, reserved 1048576K
Event: 22.162 GC heap after
Heap after GC invocations=14 (full 3):
 PSYoungGen      total 152576K, used 22010K [0x00000000f5580000, 0x0000000100000000, 0x0000000100000000)
  eden space 130560K, 0% used [0x00000000f5580000,0x00000000f5580000,0x00000000fd500000)
  from space 22016K, 99% used [0x00000000fd500000,0x00000000fea7e9e8,0x00000000fea80000)
  to   space 22016K, 0% used [0x00000000fea80000,0x00000000fea80000,0x0000000100000000)
 ParOldGen       total 252928K, used 41748K [0x00000000e0000000, 0x00000000ef700000, 0x00000000f5580000)
  object space 252928K, 16% used [0x00000000e0000000,0x00000000e28c5028,0x00000000ef700000)
 Metaspace       used 67057K, capacity 71271K, committed 71384K, reserved 1110016K
  class space    used 9483K, capacity 10438K, committed 10456K, reserved 1048576K
}

Deoptimization events (10 events):
Event: 22.335 Thread 0x00000262b864f000 Uncommon trap: reason=unstable_if action=reinterpret pc=0x00000262a4a86b6c method=java.util.concurrent.ConcurrentHashMap.replaceNode(Ljava/lang/Object;Ljava/lang/Object;Ljava/lang/Object;)Ljava/lang/Object; @ 17
Event: 22.339 Thread 0x00000262b864f000 Uncommon trap: reason=unstable_if action=reinterpret pc=0x00000262a4c46f64 method=org.gradle.internal.logging.sink.OutputEventTransformer.onOutput(Lorg/gradle/internal/logging/events/OutputEvent;)V @ 114
Event: 22.363 Thread 0x00000262bb969000 Uncommon trap: reason=bimorphic action=maybe_recompile pc=0x00000262a4039144 method=java.util.Objects.equals(Ljava/lang/Object;Ljava/lang/Object;)Z @ 11
Event: 22.363 Thread 0x00000262bb969000 Uncommon trap: reason=bimorphic action=maybe_recompile pc=0x00000262a4039144 method=java.util.Objects.equals(Ljava/lang/Object;Ljava/lang/Object;)Z @ 11
Event: 22.363 Thread 0x00000262bb969000 Uncommon trap: reason=bimorphic action=maybe_recompile pc=0x00000262a4039144 method=java.util.Objects.equals(Ljava/lang/Object;Ljava/lang/Object;)Z @ 11
Event: 22.363 Thread 0x00000262bb969000 Uncommon trap: reason=bimorphic action=maybe_recompile pc=0x00000262a4039144 method=java.util.Objects.equals(Ljava/lang/Object;Ljava/lang/Object;)Z @ 11
Event: 22.363 Thread 0x00000262bb969000 Uncommon trap: reason=unstable_if action=reinterpret pc=0x00000262a499f664 method=java.util.concurrent.ConcurrentHashMap.computeIfAbsent(Ljava/lang/Object;Ljava/util/function/Function;)Ljava/lang/Object; @ 319
Event: 22.415 Thread 0x00000262bb969000 Uncommon trap: reason=unstable_if action=reinterpret pc=0x00000262a4c35644 method=org.gradle.internal.operations.logging.LoggingBuildOperationProgressBroadcaster.onOutput(Lorg/gradle/internal/logging/events/OutputEvent;)V @ 73
Event: 22.700 Thread 0x00000262bb969000 Uncommon trap: reason=unstable_if action=reinterpret pc=0x00000262a4bde888 method=org.gradle.internal.operations.logging.LoggingBuildOperationProgressBroadcaster.onOutput(Lorg/gradle/internal/logging/events/OutputEvent;)V @ 73
Event: 23.834 Thread 0x00000262bb966000 Uncommon trap: reason=unstable_if action=reinterpret pc=0x00000262a43cdcc4 method=java.util.concurrent.locks.AbstractQueuedSynchronizer.acquireQueued(Ljava/util/concurrent/locks/AbstractQueuedSynchronizer$Node;I)Z @ 70

Classes redefined (0 events):
No events

Internal exceptions (10 events):
Event: 22.047 Thread 0x00000262b864f000 Exception <a 'java/lang/ClassNotFoundException': build_edhmjucdf210qw0bkcdqtnrrjBeanInfo> (0x00000000fcdf38e8) thrown at [C:\jenkins\workspace\8-2-build-windows-amd64-cygwin\jdk8u281\880\hotspot\src\share\vm\classfile\systemDictionary.cpp, line 212]
Event: 22.048 Thread 0x00000262b864f000 Exception <a 'java/lang/ClassNotFoundException': build_edhmjucdf210qw0bkcdqtnrrjCustomizer> (0x00000000fce02848) thrown at [C:\jenkins\workspace\8-2-build-windows-amd64-cygwin\jdk8u281\880\hotspot\src\share\vm\classfile\systemDictionary.cpp, line 212]
Event: 22.061 Thread 0x00000262b864f000 Exception <a 'java/lang/ClassNotFoundException': build_edhmjucdf210qw0bkcdqtnrrj$_run_closure1BeanInfo> (0x00000000fcf556d0) thrown at [C:\jenkins\workspace\8-2-build-windows-amd64-cygwin\jdk8u281\880\hotspot\src\share\vm\classfile\systemDictionary.cpp, l
Event: 22.061 Thread 0x00000262b864f000 Exception <a 'java/lang/ClassNotFoundException': build_edhmjucdf210qw0bkcdqtnrrj$_run_closure1Customizer> (0x00000000fcf66110) thrown at [C:\jenkins\workspace\8-2-build-windows-amd64-cygwin\jdk8u281\880\hotspot\src\share\vm\classfile\systemDictionary.cpp,
Event: 22.199 Thread 0x00000262b864f000 Exception <a 'java/lang/NoSuchMethodError': java.lang.Object.lambda$static$0(Lorg/gradle/api/internal/tasks/TaskDependencyResolveContext;)V> (0x00000000f57d2c78) thrown at [C:\jenkins\workspace\8-2-build-windows-amd64-cygwin\jdk8u281\880\hotspot\src\share
Event: 22.243 Thread 0x00000262b864f000 Implicit null exception at 0x00000262a374878c to 0x00000262a37487fd
Event: 22.245 Thread 0x00000262b864f000 Exception <a 'java/lang/NoSuchMethodError': <clinit>> (0x00000000f5ab4000) thrown at [C:\jenkins\workspace\8-2-build-windows-amd64-cygwin\jdk8u281\880\hotspot\src\share\vm\prims\jni.cpp, line 1615]
Event: 22.257 Thread 0x00000262b864f000 Exception <a 'java/lang/NoSuchMethodError': <clinit>> (0x00000000f5b0c3b0) thrown at [C:\jenkins\workspace\8-2-build-windows-amd64-cygwin\jdk8u281\880\hotspot\src\share\vm\prims\jni.cpp, line 1615]
Event: 22.335 Thread 0x00000262b864f000 Implicit null exception at 0x00000262a4a86532 to 0x00000262a4a86b45
Event: 22.421 Thread 0x00000262bb969000 Exception <a 'java/lang/IncompatibleClassChangeError': Found class java.lang.Object, but interface was expected> (0x00000000f67d1260) thrown at [C:\jenkins\workspace\8-2-build-windows-amd64-cygwin\jdk8u281\880\hotspot\src\share\vm\interpreter\linkResolver

Events (10 events):
Event: 23.882 loading class com/google/wireless/android/sdk/stats/ParallelAndroidTestReportUiEventOrBuilder
Event: 23.882 loading class com/google/wireless/android/sdk/stats/ParallelAndroidTestReportUiEventOrBuilder done
Event: 23.882 loading class com/google/wireless/android/sdk/stats/AndroidCppExtensionEventOrBuilder
Event: 23.882 loading class com/google/wireless/android/sdk/stats/AndroidCppExtensionEventOrBuilder done
Event: 23.882 loading class com/google/wireless/android/sdk/stats/DesignEditorHelpPanelEventOrBuilder
Event: 23.882 loading class com/google/wireless/android/sdk/stats/DesignEditorHelpPanelEventOrBuilder done
Event: 23.882 loading class com/google/wireless/android/sdk/stats/DynamicLayoutInspectorEventOrBuilder
Event: 23.882 loading class com/google/wireless/android/sdk/stats/DynamicLayoutInspectorEventOrBuilder done
Event: 23.883 loading class com/google/wireless/android/sdk/stats/ApplyChangesAgentErrorOrBuilder
Event: 23.883 loading class com/google/wireless/android/sdk/stats/ApplyChangesAgentErrorOrBuilder done


Dynamic libraries:
0x00007ff7dbc00000 - 0x00007ff7dbc47000 	C:\Program Files\Java\jdk1.8.0_281\bin\java.exe
0x00007fffdbbe0000 - 0x00007fffdbde9000 	C:\WINDOWS\SYSTEM32\ntdll.dll
0x00007fffda470000 - 0x00007fffda52d000 	C:\WINDOWS\System32\KERNEL32.DLL
0x00007fffd92b0000 - 0x00007fffd9624000 	C:\WINDOWS\System32\KERNELBASE.dll
0x00007fffdaed0000 - 0x00007fffdaf7e000 	C:\WINDOWS\System32\ADVAPI32.dll
0x00007fffdb3c0000 - 0x00007fffdb463000 	C:\WINDOWS\System32\msvcrt.dll
0x00007fffda3d0000 - 0x00007fffda46e000 	C:\WINDOWS\System32\sechost.dll
0x00007fffda620000 - 0x00007fffda740000 	C:\WINDOWS\System32\RPCRT4.dll
0x00007fffdb4d0000 - 0x00007fffdb67c000 	C:\WINDOWS\System32\USER32.dll
0x00007fffd9860000 - 0x00007fffd9886000 	C:\WINDOWS\System32\win32u.dll
0x00007fffda2b0000 - 0x00007fffda2d9000 	C:\WINDOWS\System32\GDI32.dll
0x00007fffd9740000 - 0x00007fffd9852000 	C:\WINDOWS\System32\gdi32full.dll
0x00007fffd9630000 - 0x00007fffd96cd000 	C:\WINDOWS\System32\msvcp_win.dll
0x00007fffd9190000 - 0x00007fffd92a1000 	C:\WINDOWS\System32\ucrtbase.dll
0x00007fffba440000 - 0x00007fffba6e5000 	C:\WINDOWS\WinSxS\amd64_microsoft.windows.common-controls_6595b64144ccf1df_6.0.22000.120_none_9d947278b86cc467\COMCTL32.dll
0x00007fffdb680000 - 0x00007fffdb6b1000 	C:\WINDOWS\System32\IMM32.DLL
0x00007fffc59f0000 - 0x00007fffc5a05000 	C:\Program Files\Java\jdk1.8.0_281\jre\bin\vcruntime140.dll
0x00007fffc5950000 - 0x00007fffc59eb000 	C:\Program Files\Java\jdk1.8.0_281\jre\bin\msvcp140.dll
0x0000000068750000 - 0x0000000068faf000 	C:\Program Files\Java\jdk1.8.0_281\jre\bin\server\jvm.dll
0x00007fffdad00000 - 0x00007fffdad08000 	C:\WINDOWS\System32\PSAPI.DLL
0x00007fffc5940000 - 0x00007fffc5949000 	C:\WINDOWS\SYSTEM32\WSOCK32.dll
0x00007fffc88d0000 - 0x00007fffc88da000 	C:\WINDOWS\SYSTEM32\VERSION.dll
0x00007fffceaf0000 - 0x00007fffceb23000 	C:\WINDOWS\SYSTEM32\WINMM.dll
0x00007fffda770000 - 0x00007fffda7df000 	C:\WINDOWS\System32\WS2_32.dll
0x00007fffd82c0000 - 0x00007fffd82d8000 	C:\WINDOWS\SYSTEM32\kernel.appcore.dll
0x00007fffc5930000 - 0x00007fffc5940000 	C:\Program Files\Java\jdk1.8.0_281\jre\bin\verify.dll
0x00007fffc5900000 - 0x00007fffc592b000 	C:\Program Files\Java\jdk1.8.0_281\jre\bin\java.dll
0x00007fffc58e0000 - 0x00007fffc58f8000 	C:\Program Files\Java\jdk1.8.0_281\jre\bin\zip.dll
0x00007fffd9a80000 - 0x00007fffda22e000 	C:\WINDOWS\System32\SHELL32.dll
0x00007fffd7250000 - 0x00007fffd7ab7000 	C:\WINDOWS\SYSTEM32\windows.storage.dll
0x00007fffda7e0000 - 0x00007fffdab58000 	C:\WINDOWS\System32\combase.dll
0x00007fffd70e0000 - 0x00007fffd7246000 	C:\WINDOWS\SYSTEM32\wintypes.dll
0x00007fffda2e0000 - 0x00007fffda3ca000 	C:\WINDOWS\System32\SHCORE.dll
0x00007fffdb470000 - 0x00007fffdb4cd000 	C:\WINDOWS\System32\shlwapi.dll
0x00007fffd9000000 - 0x00007fffd9021000 	C:\WINDOWS\SYSTEM32\profapi.dll
0x00007fffc58c0000 - 0x00007fffc58dc000 	C:\Program Files\Java\jdk1.8.0_281\jre\bin\net.dll
0x00007fffd86f0000 - 0x00007fffd8757000 	C:\WINDOWS\system32\mswsock.dll
0x00007fffc58a0000 - 0x00007fffc58b3000 	C:\Program Files\Java\jdk1.8.0_281\jre\bin\nio.dll
0x00007fffd1220000 - 0x00007fffd1247000 	C:\Users\ubaid\.gradle\native\e1d6ef7f7dcc3fd88c89a11ec53ec762bb8ba0a96d01ffa2cd45eb1d1d8dd5c5\windows-amd64\native-platform.dll
0x00007fffc44f0000 - 0x00007fffc4634000 	C:\Users\ubaid\.gradle\native\5664cfc778a61ccfe75a443a1ab52a65af34e5dc3c78e0209fed803814484fcb\windows-amd64\native-platform-file-events.dll
0x00007fffc56b0000 - 0x00007fffc56bd000 	C:\Program Files\Java\jdk1.8.0_281\jre\bin\management.dll
0x00007fffd8930000 - 0x00007fffd8948000 	C:\WINDOWS\SYSTEM32\CRYPTSP.dll
0x00007fffd8220000 - 0x00007fffd8255000 	C:\WINDOWS\system32\rsaenh.dll
0x00007fffd87e0000 - 0x00007fffd8809000 	C:\WINDOWS\SYSTEM32\USERENV.dll
0x00007fffd8ab0000 - 0x00007fffd8ad7000 	C:\WINDOWS\SYSTEM32\bcrypt.dll
0x00007fffd9a00000 - 0x00007fffd9a7f000 	C:\WINDOWS\System32\bcryptprimitives.dll
0x00007fffd8950000 - 0x00007fffd895c000 	C:\WINDOWS\SYSTEM32\CRYPTBASE.dll
0x00007fffd7d70000 - 0x00007fffd7d9d000 	C:\WINDOWS\SYSTEM32\IPHLPAPI.DLL
0x00007fffdaec0000 - 0x00007fffdaec9000 	C:\WINDOWS\System32\NSI.dll
0x00007fffceb70000 - 0x00007fffceb89000 	C:\WINDOWS\SYSTEM32\dhcpcsvc6.DLL
0x00007fffcf0a0000 - 0x00007fffcf0be000 	C:\WINDOWS\SYSTEM32\dhcpcsvc.DLL
0x00007fffd7da0000 - 0x00007fffd7e87000 	C:\WINDOWS\SYSTEM32\DNSAPI.dll

VM Arguments:
jvm_args: -XX:MaxMetaspaceSize=256m -XX:+HeapDumpOnOutOfMemoryError -Xms256m -Xmx512m -Dfile.encoding=windows-1252 -Duser.country=US -Duser.language=en -Duser.variant 
java_command: org.gradle.launcher.daemon.bootstrap.GradleDaemon 7.2
java_class_path (initial): C:\Users\ubaid\.gradle\wrapper\dists\gradle-7.2-all\260hg96vuh6ex27h9vo47iv4d\gradle-7.2\lib\gradle-launcher-7.2.jar
Launcher Type: SUN_STANDARD

Environment Variables:
JAVA_HOME=C:\Program Files\Java\jdk1.8.0_281
CLASSPATH=E:\Projects\FityouApp\android\\gradle\wrapper\gradle-wrapper.jar
PATH=C:\Program Files (x86)\Common Files\Oracle\Java\javapath;C:\WINDOWS\system32;C:\WINDOWS;C:\WINDOWS\System32\Wbem;C:\WINDOWS\System32\WindowsPowerShell\v1.0\;C:\WINDOWS\System32\OpenSSH\;C:\Program Files (x86)\nodejs\;C:\Users\ubaid\AppData\Local\Android\Sdk;C:\Users\ubaid\AppData\Local\Android\Sdk\platform-tools;C:\Users\ubaid\AppData\Roaming\npm;C:\Program Files\Java\jdk1.8.0_281bin;C:\Program Files\Git\cmd;C:\Program Files\Java\jdk1.8.0_281\bin;C:\Users\ubaid\AppData\Local\Microsoft\WindowsApps;C:\Users\ubaid\AppData\Local\Programs\Microsoft VS Code\bin;C:\Users\ubaid\AppData\Roaming\npm;
USERNAME=ubaid
OS=Windows_NT
PROCESSOR_IDENTIFIER=Intel64 Family 6 Model 142 Stepping 12, GenuineIntel



---------------  S Y S T E M  ---------------

OS: Windows 10.0 , 64 bit Build 22000 (10.0.22000.434)

CPU:total 8 (initial active 8) (4 cores per cpu, 2 threads per core) family 6 model 142 stepping 12, cmov, cx8, fxsr, mmx, sse, sse2, sse3, ssse3, sse4.1, sse4.2, popcnt, avx, avx2, aes, clmul, erms, 3dnowpref, lzcnt, ht, tsc, tscinvbit, bmi1, bmi2, adx

Memory: 4k page, physical 16556284k(2724164k free), swap 16556284k(5136k free)

vm_info: Java HotSpot(TM) 64-Bit Server VM (25.281-b09) for windows-amd64 JRE (1.8.0_281-b09), built on Dec  9 2020 13:54:07 by "" with MS VC++ 15.9 (VS2017)

time: Mon Feb 28 16:49:50 2022
timezone: Pakistan Standard Time
elapsed time: 23.899932 seconds (0d 0h 0m 23s)

